[LOG] System::create                           : Header version = 2.02.20. Current version = 2.02.20.
[LOG] Manager::init                            : maxchannels = 256 studioflags = 00000006 flags 00000000 extradriverdata 0x0.
[LOG] SystemI::init                            : Initialize version=20220 (139317), maxchannels=256, flags=0x00020000
[LOG] SystemI::setOutputInternal               : Setting output to 'FMOD Core Audio Output'
[LOG] OutputCoreAudio::init                    : Output running 2 channels at 48000Hz sample rate.
[LOG] OutputCoreAudio::init                    : Maximum hardware read size: 1024 samples, Software buffer size: 512 samples, Number of software buffers: 4.
[LOG] Thread::initThread                       : Init FMOD stream thread. Affinity: 0x4000000000000003, Priority: 0xFFFF7FFB, Stack Size: 98304, Semaphore: No, Sleep Time: 10, Looping: Yes.
[LOG] Thread::initThread                       : Init FMOD mixer thread. Affinity: 0x4000000000000001, Priority: 0xFFFF7FFA, Stack Size: 81920, Semaphore: Yes, Sleep Time: 0, Looping: Yes.
[LOG] AsyncManager::init                       : manager 0x329bfb408 isAsync 0 updatePeriod 0.02
[LOG] AsyncManager::init                       : done
[LOG] PlaybackSystem::init                     : 
[LOG] Thread::initThread                       : Init FMOD Studio sample load thread. Affinity: 0x4000000000000003, Priority: 0xFFFF7FFD, Stack Size: 98304, Semaphore: No, Sleep Time: 1, Looping: No.
[LOG] PlaybackSystem::init                     : done
[LOG] Thread::initThread                       : Init FMOD Studio bank load thread. Affinity: 0x4000000000000003, Priority: 0xFFFF7FFD, Stack Size: 98304, Semaphore: No, Sleep Time: 1, Looping: No.
[LOG] Manager::init                            : done.
[LOG] Manager::readBank                        : fileversion = 142, compatVersion = 140 (oldest = 44, newest = 142)
[LOG] Manager::readBank                        : fileversion = 142, compatVersion = 140 (oldest = 44, newest = 142)
[LOG] Manager::readBank                        : fileversion = 142, compatVersion = 140 (oldest = 44, newest = 142)
[LOG] PlaybackSystem::acquireMasterBus         : Setting master channel group format to 6
[LOG] SystemI::createSoundInternal             : Create name='', mode=0x02000202
[LOG] SystemI::createSoundInternal             : exinfo->cbsize             = 224
[LOG] SystemI::createSoundInternal             : exinfo->length             = 4276032
[LOG] SystemI::createSoundInternal             : exinfo->fileoffset         = 38880
[LOG] SystemI::createSoundInternal             : exinfo->numsubsounds       = 1
[LOG] SystemI::createSoundInternal             : exinfo->inclusionlist      = 0x31b16e7f4
[LOG] SystemI::createSoundInternal             : exinfo->inclusionlistnum   = 1
[LOG] SystemI::createSoundInternal             : exinfo->suggestedsoundtype = 5
[LOG] SystemI::createSoundInternal             : exinfo->useropen           = 0x39e4578a0
[LOG] SystemI::createSoundInternal             : exinfo->userclose          = 0x39e457970
[LOG] SystemI::createSoundInternal             : exinfo->userread           = 0x39e4579ac
[LOG] SystemI::createSoundInternal             : exinfo->userseek           = 0x39e457a7c
[LOG] SystemI::createSoundInternal             : exinfo->fileuserdata       = 0x333123e28
[LOG] SystemI::createSoundInternal             : exinfo->initialseekpostype = 1
[LOG] SystemI::DSPCodecPoolRegister            : register codec pool for pool type 5
[LOG] SystemI::createSoundInternal             : Sample 0/1: name='PingMouseOver', format=5, channels=2, frequency=48000, lengthbytes=29280, lengthpcm=192000, pcmblocksize=0, loopstart=0, loopend=0, mode=0x00000000, channelmask=0x00000000, channelorder=0, peakvolume=0.247620.
[LOG] SystemI::createSoundInternal             : Create name='', mode=0x02000202
[LOG] SystemI::createSoundInternal             : exinfo->cbsize             = 224
[LOG] SystemI::createSoundInternal             : exinfo->length             = 4276032
[LOG] SystemI::createSoundInternal             : exinfo->fileoffset         = 38880
[LOG] SystemI::createSoundInternal             : exinfo->numsubsounds       = 1
[LOG] SystemI::createSoundInternal             : exinfo->inclusionlist      = 0x31b16e7f4
[LOG] SystemI::createSoundInternal             : exinfo->inclusionlistnum   = 1
[LOG] SystemI::createSoundInternal             : exinfo->suggestedsoundtype = 5
[LOG] SystemI::createSoundInternal             : exinfo->useropen           = 0x39e4578a0
[LOG] SystemI::createSoundInternal             : exinfo->userclose          = 0x39e457970
[LOG] SystemI::createSoundInternal             : exinfo->userread           = 0x39e4579ac
[LOG] SystemI::createSoundInternal             : exinfo->userseek           = 0x39e457a7c
[LOG] SystemI::createSoundInternal             : exinfo->fileuserdata       = 0x1432f9808
[LOG] SystemI::createSoundInternal             : exinfo->initialseekpostype = 1
[LOG] SystemI::DSPCodecPoolRegister            : register codec pool for pool type 5
[LOG] SystemI::createSoundInternal             : Sample 0/1: name='PingSelect', format=5, channels=2, frequency=48000, lengthbytes=15712, lengthpcm=86400, pcmblocksize=0, loopstart=0, loopend=0, mode=0x00000000, channelmask=0x00000000, channelorder=0, peakvolume=0.457458.
[LOG] SystemI::createSound                     : filename = Buster'sVideo_FMOD/Build/Desktop/Master.bank : mode 02010082
[LOG] SystemI::createSound                     : FMOD_NONBLOCKING specified.  Putting into queue to be opened asynchronously!
[LOG] AsyncThread::add                         : add sound to async queue : soundi = 0x1432f7bb8, queue head = 0x364eb2768, queue count = 0
[LOG] AsyncThread::threadFunc                  : Starting Asynchronous operation on sound 0x1432f7bb8
[LOG] SystemI::createSoundInternal             :     Create name='Buster'sVideo_FMOD/Build/Desktop/Master.bank', mode=0x02010082
[LOG] SystemI::createSoundInternal             :     exinfo->cbsize             = 224
[LOG] SystemI::createSoundInternal             :     exinfo->length             = 4276032
[LOG] SystemI::createSoundInternal             :     exinfo->fileoffset         = 38880
[LOG] SystemI::createSoundInternal             :     exinfo->numsubsounds       = 1
[LOG] SystemI::createSoundInternal             :     exinfo->inclusionlist      = 0x1432f7e80
[LOG] SystemI::createSoundInternal             :     exinfo->inclusionlistnum   = 1
[LOG] SystemI::createSoundInternal             :     exinfo->suggestedsoundtype = 5
[LOG] SystemI::createSoundInternal             :     exinfo->initialseekpostype = 1
[LOG] SystemI::createSoundInternal             :     Stream 0/1: name='Buster'sVideo_SFX_Ambience_BackOffice2', format=5, channels=2, frequency=48000, lengthbytes=503008, lengthpcm=1792000, pcmblocksize=0, loopstart=0, loopend=0, mode=0x00000000, channelmask=0x00000000, channelorder=0, peakvolume=0.988500.
[LOG] AsyncThread::threadFunc                  : Finished Asynchronous operation on sound 0x1432f7bb8
[LOG] SystemI::createSound                     : filename = Buster'sVideo_FMOD/Build/Desktop/Master.bank : mode 02010082
[LOG] SystemI::createSound                     : FMOD_NONBLOCKING specified.  Putting into queue to be opened asynchronously!
[LOG] AsyncThread::add                         : add sound to async queue : soundi = 0x388248708, queue head = 0x364eb2768, queue count = 0
[LOG] AsyncThread::threadFunc                  : Starting Asynchronous operation on sound 0x388248708
[LOG] SystemI::createSoundInternal             :     Create name='Buster'sVideo_FMOD/Build/Desktop/Master.bank', mode=0x02010082
[LOG] SystemI::createSoundInternal             :     exinfo->cbsize             = 224
[LOG] SystemI::createSoundInternal             :     exinfo->length             = 4276032
[LOG] SystemI::createSoundInternal             :     exinfo->fileoffset         = 38880
[LOG] SystemI::createSoundInternal             :     exinfo->numsubsounds       = 1
[LOG] SystemI::createSoundInternal             :     exinfo->inclusionlist      = 0x3882489d0
[LOG] SystemI::createSoundInternal             :     exinfo->inclusionlistnum   = 1
[LOG] SystemI::createSoundInternal             :     exinfo->suggestedsoundtype = 5
[LOG] SystemI::createSoundInternal             :     exinfo->initialseekpostype = 1
[LOG] SystemI::createSoundInternal             :     Stream 0/1: name='Buster'sVideo_SFX_Ambience_BackOffice', format=5, channels=2, frequency=48000, lengthbytes=515648, lengthpcm=1760000, pcmblocksize=0, loopstart=0, loopend=0, mode=0x00000000, channelmask=0x00000000, channelorder=0, peakvolume=0.988500.
[LOG] AsyncThread::threadFunc                  : Finished Asynchronous operation on sound 0x388248708
[LOG] SoundI::release                          : Buster'sVideo_SFX_Ambience_BackOffice2 (0x14325e398)
[LOG] SoundI::release                          :     Buster'sVideo_SFX_Ambience_BackOffice2 (0x32a0a4208)
[LOG] SoundI::release                          :     Buster'sVideo_SFX_Ambience_BackOffice2 (0x32a0a4468)
[LOG] SoundI::release                          : Buster'sVideo_SFX_Ambience_BackOffice (0x1432b55f8)
[LOG] SoundI::release                          :     Buster'sVideo_SFX_Ambience_BackOffice (0x326ffe908)
[LOG] SoundI::release                          :     Buster'sVideo_SFX_Ambience_BackOffice (0x326fc6888)
[LOG] SystemI::createSound                     : filename = Buster'sVideo_FMOD/Build/Desktop/Master.bank : mode 02010082
[LOG] SystemI::createSound                     : FMOD_NONBLOCKING specified.  Putting into queue to be opened asynchronously!
[LOG] AsyncThread::add                         : add sound to async queue : soundi = 0x121e3e2e8, queue head = 0x364eb2768, queue count = 0
[LOG] AsyncThread::threadFunc                  : Starting Asynchronous operation on sound 0x121e3e2e8
[LOG] SystemI::createSoundInternal             :     Create name='Buster'sVideo_FMOD/Build/Desktop/Master.bank', mode=0x02010082
[LOG] SystemI::createSoundInternal             :     exinfo->cbsize             = 224
[LOG] SystemI::createSoundInternal             :     exinfo->length             = 4276032
[LOG] SystemI::createSoundInternal             :     exinfo->fileoffset         = 38880
[LOG] SystemI::createSoundInternal             :     exinfo->numsubsounds       = 1
[LOG] SystemI::createSoundInternal             :     exinfo->inclusionlist      = 0x121e07270
[LOG] SystemI::createSoundInternal             :     exinfo->inclusionlistnum   = 1
[LOG] SystemI::createSoundInternal             :     exinfo->suggestedsoundtype = 5
[LOG] SystemI::createSoundInternal             :     exinfo->initialseekpostype = 1
[LOG] SystemI::createSoundInternal             :     Stream 0/1: name='Clocks, Tick, Old Wall Clocks, Ticks, Mechanical 01 SND49882 1', format=5, channels=1, frequency=48000, lengthbytes=196736, lengthpcm=1152212, pcmblocksize=0, loopstart=0, loopend=0, mode=0x00000000, channelmask=0x00000000, channelorder=0, peakvolume=0.898986.
[LOG] AsyncThread::threadFunc                  : Finished Asynchronous operation on sound 0x121e3e2e8
[LOG] SoundI::release                          : Clocks, Tick, Old Wall Clocks, Ticks, Mechanical 01 SND49882 1 (0x14329c948)
[LOG] SoundI::release                          :     Clocks, Tick, Old Wall Clocks, Ticks, Mechanical 01 SND49882 1 (0x32a0a6aa8)
[LOG] SoundI::release                          :     Clocks, Tick, Old Wall Clocks, Ticks, Mechanical 01 SND49882 1 (0x32a0a3ae8)
[LOG] SoundI::release                          : Clocks, Tick, Old Wall Clocks, Ticks, Mechanical 01 SND49882 1 (0x121e3e2e8)
[LOG] SoundI::release                          :     Clocks, Tick, Old Wall Clocks, Ticks, Mechanical 01 SND49882 1 (0x3342121a8)
[LOG] SoundI::release                          :     Clocks, Tick, Old Wall Clocks, Ticks, Mechanical 01 SND49882 1 (0x334212338)
[LOG] SoundI::release                          : Buster'sVideo_SFX_Ambience_BackOffice2 (0x1432f7bb8)
[LOG] SoundI::release                          :     Buster'sVideo_SFX_Ambience_BackOffice2 (0x1432f8418)
[LOG] SoundI::release                          :     Buster'sVideo_SFX_Ambience_BackOffice2 (0x1432f85a8)
[LOG] SoundI::release                          : Buster'sVideo_SFX_Ambience_BackOffice (0x388248708)
[LOG] SoundI::release                          :     Buster'sVideo_SFX_Ambience_BackOffice (0x3a4f49b58)
[LOG] SoundI::release                          :     Buster'sVideo_SFX_Ambience_BackOffice (0x33311bfc8)
[LOG] SoundI::release                          :  (0x333124028)
[LOG] SoundI::release                          :     PingMouseOver (0x333120aa8)
[LOG] SoundI::release                          :  (0x1432f9dd8)
[LOG] SoundI::release                          :     PingSelect (0x1432f9f48)
[LOG] Thread::callback                         : FMOD Studio update thread finished.
[LOG] Thread::callback                         : FMOD Studio bank load thread finished.
[LOG] Profile::disconnectAll                   : Profiler disconnecting all clients
[LOG] Thread::callback                         : FMOD Studio sample load thread finished.
[LOG] LiveUpdate::release                      : 
[LOG] LiveUpdate::reset                        : Reset connection (reason Disconnected)
[LOG] Thread::callback                         : FMOD stream thread finished.
[LOG] Thread::callback                         : FMOD mixer thread finished.
[LOG] Profile::disconnectAll                   : Profiler disconnecting all clients
[LOG] SystemI::close                           : Closed.
[LOG] Thread::callback                         : FMOD Studio bank load thread finished.
[LOG] Thread::callback                         : FMOD Studio sample load thread finished.
[LOG] LiveUpdate::release                      : 
[LOG] LiveUpdate::reset                        : Reset connection (reason Disconnected)
[LOG] Thread::callback                         : FMOD stream thread finished.
[LOG] Thread::callback                         : FMOD mixer thread finished.
[LOG] SystemI::close                           : Closed.
[LOG] Thread::callback                         : FMOD nonblocking thread (0) finished.
[LOG] Thread::callback                         : FMOD file thread finished.
